<?xml version="1.0" encoding="UTF-8"?>
<testng-results ignored="0" total="0" passed="0" failed="0" skipped="0">
  <reporter-output>
  </reporter-output>
  <suite started-at="2025-09-03T15:33:19 EEST" name="Default Suite" finished-at="2025-09-03T15:33:19 EEST" duration-ms="22">
    <groups>
    </groups>
    <test started-at="2025-09-03T15:33:19 EEST" name="TalentLink360App" finished-at="2025-09-03T15:33:19 EEST" duration-ms="22">
    </test> <!-- TalentLink360App -->
  </suite> <!-- Default Suite -->
</testng-results>
